{
"contracts/shared/ModifiedErc721.sol":{"l":{"56":6,"57":6,"108":0,"116":0,"133":0,"150":0,"151":0,"167":2,"168":2,"169":2,"171":2,"173":2,"174":2,"175":2,"176":2,"178":2,"185":0,"187":0,"190":0,"192":0,"194":0,"195":0,"196":0,"197":0,"199":0,"220":0,"236":0,"241":0,"254":9,"255":9,"259":9,"266":0,"273":0,"286":0,"291":0,"292":0,"303":0,"310":0,"311":0,"313":0,"318":0,"331":1,"336":1,"347":0,"349":0,"350":0,"363":1,"375":2,"380":1,"391":0,"403":0,"407":0,"434":0,"435":0,"450":5,"466":2,"470":2,"471":2,"492":1,"496":1,"498":1,"501":1,"503":1,"505":1,"506":1,"507":1,"508":1,"509":1,"511":1,"520":1,"521":1,"540":0,"541":0,"549":0,"551":0,"552":0,"557":0,"563":0},"path":"/Users/veronicac/Desktop/projects/freelance/TreasureBuidl/packages/onchain/contracts/shared/ModifiedErc721.sol","s":{"1":6,"2":6,"3":0,"4":0,"5":0,"6":0,"7":0,"8":2,"9":2,"10":2,"11":2,"12":2,"13":2,"14":2,"15":2,"16":2,"17":0,"18":0,"19":0,"20":0,"21":0,"22":0,"23":0,"24":0,"25":0,"26":0,"27":9,"28":9,"29":9,"30":0,"31":0,"32":0,"33":0,"34":0,"35":0,"36":0,"37":0,"38":0,"39":0,"40":1,"41":1,"42":0,"43":0,"44":0,"45":1,"46":2,"47":1,"48":0,"49":0,"50":0,"51":0,"52":0,"53":5,"54":2,"55":2,"56":2,"57":1,"58":1,"59":1,"60":1,"61":1,"62":1,"63":1,"64":1,"65":1,"66":1,"67":1,"68":1,"69":1,"70":0,"71":0,"72":0,"73":0,"74":0,"75":0},"b":{"1":[0,0],"2":[2,0],"3":[2,0],"4":[2,0],"5":[0,0],"6":[9,0],"7":[0,0],"8":[0,0],"9":[0,0],"10":[1,0],"11":[0,0],"12":[1,1],"13":[0,0],"14":[0,0],"15":[2,0],"16":[1,0],"17":[1,0],"18":[0,0],"19":[0,0]},"f":{"1":6,"2":0,"3":0,"4":0,"5":0,"6":2,"7":0,"8":0,"9":0,"10":9,"11":0,"12":0,"13":0,"14":0,"15":0,"16":1,"17":0,"18":1,"19":2,"20":0,"21":0,"22":0,"23":5,"24":2,"25":1,"26":1,"27":0,"28":1},"fnMap":{"1":{"name":"constructor","line":55,"loc":{"start":{"line":55,"column":4},"end":{"line":58,"column":4}}},"2":{"name":"balanceOfType","line":103,"loc":{"start":{"line":103,"column":4},"end":{"line":109,"column":4}}},"3":{"name":"getTokenType","line":115,"loc":{"start":{"line":115,"column":4},"end":{"line":117,"column":4}}},"4":{"name":"_safeMint","line":128,"loc":{"start":{"line":128,"column":4},"end":{"line":134,"column":4}}},"5":{"name":"_safeMint","line":144,"loc":{"start":{"line":144,"column":4},"end":{"line":155,"column":4}}},"6":{"name":"_mint","line":162,"loc":{"start":{"line":162,"column":4},"end":{"line":179,"column":4}}},"7":{"name":"_burn","line":184,"loc":{"start":{"line":184,"column":4},"end":{"line":200,"column":4}}},"8":{"name":"supportsInterface","line":213,"loc":{"start":{"line":213,"column":4},"end":{"line":224,"column":4}}},"9":{"name":"balanceOf","line":229,"loc":{"start":{"line":229,"column":4},"end":{"line":242,"column":4}}},"10":{"name":"ownerOf","line":247,"loc":{"start":{"line":247,"column":4},"end":{"line":260,"column":4}}},"11":{"name":"name","line":265,"loc":{"start":{"line":265,"column":4},"end":{"line":267,"column":4}}},"12":{"name":"symbol","line":272,"loc":{"start":{"line":272,"column":4},"end":{"line":274,"column":4}}},"13":{"name":"tokenURI","line":279,"loc":{"start":{"line":279,"column":4},"end":{"line":296,"column":4}}},"14":{"name":"_baseURI","line":302,"loc":{"start":{"line":302,"column":4},"end":{"line":304,"column":4}}},"15":{"name":"approve","line":309,"loc":{"start":{"line":309,"column":4},"end":{"line":319,"column":4}}},"16":{"name":"getApproved","line":324,"loc":{"start":{"line":324,"column":4},"end":{"line":337,"column":4}}},"17":{"name":"setApprovalForAll","line":342,"loc":{"start":{"line":342,"column":4},"end":{"line":351,"column":4}}},"18":{"name":"isApprovedForAll","line":356,"loc":{"start":{"line":356,"column":4},"end":{"line":364,"column":4}}},"19":{"name":"transferFrom","line":369,"loc":{"start":{"line":369,"column":4},"end":{"line":381,"column":4}}},"20":{"name":"safeTransferFrom","line":386,"loc":{"start":{"line":386,"column":4},"end":{"line":392,"column":4}}},"21":{"name":"safeTransferFrom","line":397,"loc":{"start":{"line":397,"column":4},"end":{"line":408,"column":4}}},"22":{"name":"_safeTransfer","line":428,"loc":{"start":{"line":428,"column":4},"end":{"line":439,"column":4}}},"23":{"name":"_exists","line":449,"loc":{"start":{"line":449,"column":4},"end":{"line":451,"column":4}}},"24":{"name":"_isApprovedOrOwner","line":460,"loc":{"start":{"line":460,"column":4},"end":{"line":474,"column":4}}},"25":{"name":"_transfer","line":487,"loc":{"start":{"line":487,"column":4},"end":{"line":512,"column":4}}},"26":{"name":"_approve","line":519,"loc":{"start":{"line":519,"column":4},"end":{"line":522,"column":4}}},"27":{"name":"_checkOnERC721Received","line":534,"loc":{"start":{"line":534,"column":4},"end":{"line":565,"column":4}}},"28":{"name":"_beforeTokenTransfer","line":582,"loc":{"start":{"line":582,"column":4},"end":{"line":586,"column":24}}}},"statementMap":{"1":{"start":{"line":56,"column":8},"end":{"line":56,"column":20}},"2":{"start":{"line":57,"column":8},"end":{"line":57,"column":24}},"3":{"start":{"line":108,"column":8},"end":{"line":108,"column":39}},"4":{"start":{"line":116,"column":8},"end":{"line":116,"column":35}},"5":{"start":{"line":133,"column":8},"end":{"line":133,"column":42}},"6":{"start":{"line":150,"column":8},"end":{"line":150,"column":34}},"7":{"start":{"line":151,"column":8},"end":{"line":151,"column":6183}},"8":{"start":{"line":167,"column":8},"end":{"line":167,"column":69}},"9":{"start":{"line":168,"column":8},"end":{"line":168,"column":71}},"10":{"start":{"line":169,"column":8},"end":{"line":169,"column":66}},"11":{"start":{"line":171,"column":8},"end":{"line":171,"column":54}},"12":{"start":{"line":173,"column":8},"end":{"line":173,"column":38}},"13":{"start":{"line":174,"column":8},"end":{"line":174,"column":33}},"14":{"start":{"line":175,"column":8},"end":{"line":175,"column":35}},"15":{"start":{"line":176,"column":8},"end":{"line":176,"column":30}},"16":{"start":{"line":178,"column":8},"end":{"line":178,"column":48}},"17":{"start":{"line":185,"column":8},"end":{"line":185,"column":46}},"18":{"start":{"line":187,"column":8},"end":{"line":187,"column":56}},"19":{"start":{"line":190,"column":8},"end":{"line":190,"column":37}},"20":{"start":{"line":192,"column":8},"end":{"line":192,"column":48}},"21":{"start":{"line":194,"column":8},"end":{"line":194,"column":40}},"22":{"start":{"line":195,"column":8},"end":{"line":195,"column":39}},"23":{"start":{"line":199,"column":8},"end":{"line":199,"column":50}},"24":{"start":{"line":220,"column":8},"end":{"line":220,"column":8444}},"25":{"start":{"line":236,"column":8},"end":{"line":236,"column":8780}},"26":{"start":{"line":241,"column":8},"end":{"line":241,"column":43}},"27":{"start":{"line":254,"column":8},"end":{"line":254,"column":40}},"28":{"start":{"line":255,"column":8},"end":{"line":255,"column":9183}},"29":{"start":{"line":259,"column":8},"end":{"line":259,"column":20}},"30":{"start":{"line":266,"column":8},"end":{"line":266,"column":20}},"31":{"start":{"line":273,"column":8},"end":{"line":273,"column":22}},"32":{"start":{"line":286,"column":8},"end":{"line":286,"column":9853}},"33":{"start":{"line":291,"column":8},"end":{"line":291,"column":42}},"34":{"start":{"line":292,"column":8},"end":{"line":292,"column":10030}},"35":{"start":{"line":303,"column":8},"end":{"line":303,"column":17}},"36":{"start":{"line":310,"column":8},"end":{"line":310,"column":45}},"37":{"start":{"line":311,"column":8},"end":{"line":311,"column":64}},"38":{"start":{"line":313,"column":8},"end":{"line":313,"column":10637}},"39":{"start":{"line":318,"column":8},"end":{"line":318,"column":28}},"40":{"start":{"line":331,"column":8},"end":{"line":331,"column":11041}},"41":{"start":{"line":336,"column":8},"end":{"line":336,"column":39}},"42":{"start":{"line":347,"column":8},"end":{"line":347,"column":69}},"43":{"start":{"line":349,"column":8},"end":{"line":349,"column":60}},"44":{"start":{"line":350,"column":8},"end":{"line":350,"column":61}},"45":{"start":{"line":363,"column":8},"end":{"line":363,"column":50}},"46":{"start":{"line":375,"column":8},"end":{"line":375,"column":12097}},"47":{"start":{"line":380,"column":8},"end":{"line":380,"column":35}},"48":{"start":{"line":391,"column":8},"end":{"line":391,"column":46}},"49":{"start":{"line":403,"column":8},"end":{"line":403,"column":12752}},"50":{"start":{"line":407,"column":8},"end":{"line":407,"column":46}},"51":{"start":{"line":434,"column":8},"end":{"line":434,"column":35}},"52":{"start":{"line":435,"column":8},"end":{"line":435,"column":13996}},"53":{"start":{"line":450,"column":8},"end":{"line":450,"column":45}},"54":{"start":{"line":466,"column":8},"end":{"line":466,"column":14879}},"55":{"start":{"line":470,"column":8},"end":{"line":470,"column":45}},"56":{"start":{"line":471,"column":8},"end":{"line":471,"column":15080}},"57":{"start":{"line":492,"column":8},"end":{"line":492,"column":15613}},"58":{"start":{"line":496,"column":8},"end":{"line":496,"column":72}},"59":{"start":{"line":498,"column":8},"end":{"line":498,"column":46}},"60":{"start":{"line":501,"column":8},"end":{"line":501,"column":36}},"61":{"start":{"line":503,"column":8},"end":{"line":503,"column":47}},"62":{"start":{"line":505,"column":8},"end":{"line":505,"column":38}},"63":{"start":{"line":506,"column":8},"end":{"line":506,"column":39}},"64":{"start":{"line":507,"column":8},"end":{"line":507,"column":36}},"65":{"start":{"line":508,"column":8},"end":{"line":508,"column":37}},"66":{"start":{"line":509,"column":8},"end":{"line":509,"column":28}},"67":{"start":{"line":511,"column":8},"end":{"line":511,"column":40}},"68":{"start":{"line":520,"column":8},"end":{"line":520,"column":36}},"69":{"start":{"line":521,"column":8},"end":{"line":521,"column":57}},"70":{"start":{"line":540,"column":8},"end":{"line":540,"column":17239}},"71":{"start":{"line":541,"column":12},"end":{"line":541,"column":17278}},"72":{"start":{"line":549,"column":16},"end":{"line":549,"column":78}},"73":{"start":{"line":551,"column":16},"end":{"line":551,"column":17651}},"74":{"start":{"line":552,"column":20},"end":{"line":552,"column":17701}},"75":{"start":{"line":563,"column":12},"end":{"line":563,"column":23}}},"branchMap":{"1":{"line":151,"type":"if","locations":[{"start":{"line":151,"column":8},"end":{"line":151,"column":8}},{"start":{"line":151,"column":8},"end":{"line":151,"column":8}}]},"2":{"line":167,"type":"if","locations":[{"start":{"line":167,"column":8},"end":{"line":167,"column":8}},{"start":{"line":167,"column":8},"end":{"line":167,"column":8}}]},"3":{"line":168,"type":"if","locations":[{"start":{"line":168,"column":8},"end":{"line":168,"column":8}},{"start":{"line":168,"column":8},"end":{"line":168,"column":8}}]},"4":{"line":169,"type":"if","locations":[{"start":{"line":169,"column":8},"end":{"line":169,"column":8}},{"start":{"line":169,"column":8},"end":{"line":169,"column":8}}]},"5":{"line":236,"type":"if","locations":[{"start":{"line":236,"column":8},"end":{"line":236,"column":8}},{"start":{"line":236,"column":8},"end":{"line":236,"column":8}}]},"6":{"line":255,"type":"if","locations":[{"start":{"line":255,"column":8},"end":{"line":255,"column":8}},{"start":{"line":255,"column":8},"end":{"line":255,"column":8}}]},"7":{"line":286,"type":"if","locations":[{"start":{"line":286,"column":8},"end":{"line":286,"column":8}},{"start":{"line":286,"column":8},"end":{"line":286,"column":8}}]},"8":{"line":311,"type":"if","locations":[{"start":{"line":311,"column":8},"end":{"line":311,"column":8}},{"start":{"line":311,"column":8},"end":{"line":311,"column":8}}]},"9":{"line":313,"type":"if","locations":[{"start":{"line":313,"column":8},"end":{"line":313,"column":8}},{"start":{"line":313,"column":8},"end":{"line":313,"column":8}}]},"10":{"line":331,"type":"if","locations":[{"start":{"line":331,"column":8},"end":{"line":331,"column":8}},{"start":{"line":331,"column":8},"end":{"line":331,"column":8}}]},"11":{"line":347,"type":"if","locations":[{"start":{"line":347,"column":8},"end":{"line":347,"column":8}},{"start":{"line":347,"column":8},"end":{"line":347,"column":8}}]},"12":{"line":375,"type":"if","locations":[{"start":{"line":375,"column":8},"end":{"line":375,"column":8}},{"start":{"line":375,"column":8},"end":{"line":375,"column":8}}]},"13":{"line":403,"type":"if","locations":[{"start":{"line":403,"column":8},"end":{"line":403,"column":8}},{"start":{"line":403,"column":8},"end":{"line":403,"column":8}}]},"14":{"line":435,"type":"if","locations":[{"start":{"line":435,"column":8},"end":{"line":435,"column":8}},{"start":{"line":435,"column":8},"end":{"line":435,"column":8}}]},"15":{"line":466,"type":"if","locations":[{"start":{"line":466,"column":8},"end":{"line":466,"column":8}},{"start":{"line":466,"column":8},"end":{"line":466,"column":8}}]},"16":{"line":492,"type":"if","locations":[{"start":{"line":492,"column":8},"end":{"line":492,"column":8}},{"start":{"line":492,"column":8},"end":{"line":492,"column":8}}]},"17":{"line":496,"type":"if","locations":[{"start":{"line":496,"column":8},"end":{"line":496,"column":8}},{"start":{"line":496,"column":8},"end":{"line":496,"column":8}}]},"18":{"line":540,"type":"if","locations":[{"start":{"line":540,"column":8},"end":{"line":540,"column":8}},{"start":{"line":540,"column":8},"end":{"line":540,"column":8}}]},"19":{"line":551,"type":"if","locations":[{"start":{"line":551,"column":16},"end":{"line":551,"column":16}},{"start":{"line":551,"column":16},"end":{"line":551,"column":16}}]}}},
"contracts/test-helpers/Erc20_Token.sol":{"l":{"17":1,"19":1},"path":"/Users/veronicac/Desktop/projects/freelance/TreasureBuidl/packages/onchain/contracts/test-helpers/Erc20_Token.sol","s":{"1":1,"2":1},"b":{},"f":{"1":6,"2":1},"fnMap":{"1":{"name":"constructor","line":12,"loc":{"start":{"line":9,"column":4},"end":{"line":14,"column":4}}},"2":{"name":"mint","line":16,"loc":{"start":{"line":16,"column":4},"end":{"line":20,"column":4}}}},"statementMap":{"1":{"start":{"line":17,"column":8},"end":{"line":17,"column":26}},"2":{"start":{"line":19,"column":8},"end":{"line":19,"column":19}}},"branchMap":{}},
"contracts/treasure-maps/TreasureMaps.sol":{"l":{"74":3,"75":3,"76":3,"97":2,"105":1,"120":0,"135":0,"140":0,"141":0,"143":0,"150":0,"163":2,"170":1,"171":1,"174":1,"176":1,"178":1,"180":3,"184":3,"187":1,"194":1},"path":"/Users/veronicac/Desktop/projects/freelance/TreasureBuidl/packages/onchain/contracts/treasure-maps/TreasureMaps.sol","s":{"1":3,"2":3,"3":3,"4":2,"5":1,"6":0,"7":0,"8":0,"9":0,"10":0,"11":0,"12":2,"13":1,"14":1,"15":1,"16":1,"17":1,"18":3,"19":3,"20":1,"21":1},"b":{"1":[0,0],"2":[1,1]},"f":{"1":3,"2":3,"3":2,"4":0,"5":0,"6":2},"fnMap":{"1":{"name":"constructor","line":65,"loc":{"start":{"line":65,"column":4},"end":{"line":67,"column":4}}},"2":{"name":"getTreasureMap","line":69,"loc":{"start":{"line":69,"column":4},"end":{"line":77,"column":4}}},"3":{"name":"createTreasure","line":87,"loc":{"start":{"line":87,"column":4},"end":{"line":110,"column":4}}},"4":{"name":"createTreasureOutline","line":112,"loc":{"start":{"line":112,"column":4},"end":{"line":125,"column":4}}},"5":{"name":"_addOutline","line":127,"loc":{"start":{"line":127,"column":4},"end":{"line":151,"column":4}}},"6":{"name":"_addTreasureMap","line":153,"loc":{"start":{"line":153,"column":4},"end":{"line":195,"column":4}}}},"statementMap":{"1":{"start":{"line":74,"column":8},"end":{"line":74,"column":51}},"2":{"start":{"line":75,"column":8},"end":{"line":75,"column":49}},"3":{"start":{"line":76,"column":8},"end":{"line":76,"column":45}},"4":{"start":{"line":97,"column":8},"end":{"line":97,"column":3637}},"5":{"start":{"line":105,"column":8},"end":{"line":105,"column":3821}},"6":{"start":{"line":120,"column":8},"end":{"line":120,"column":4162}},"7":{"start":{"line":135,"column":8},"end":{"line":135,"column":4483}},"8":{"start":{"line":140,"column":8},"end":{"line":140,"column":23}},"9":{"start":{"line":141,"column":8},"end":{"line":141,"column":28}},"10":{"start":{"line":143,"column":8},"end":{"line":143,"column":4668}},"11":{"start":{"line":150,"column":8},"end":{"line":150,"column":40}},"12":{"start":{"line":163,"column":8},"end":{"line":163,"column":5183}},"13":{"start":{"line":170,"column":8},"end":{"line":170,"column":23}},"14":{"start":{"line":171,"column":8},"end":{"line":171,"column":28}},"15":{"start":{"line":174,"column":8},"end":{"line":174,"column":24}},"16":{"start":{"line":176,"column":8},"end":{"line":176,"column":75}},"17":{"start":{"line":178,"column":8},"end":{"line":178,"column":5730}},"18":{"start":{"line":180,"column":12},"end":{"line":180,"column":5858}},"19":{"start":{"line":184,"column":12},"end":{"line":184,"column":37}},"20":{"start":{"line":187,"column":8},"end":{"line":187,"column":6060}},"21":{"start":{"line":194,"column":8},"end":{"line":194,"column":46}}},"branchMap":{"1":{"line":135,"type":"if","locations":[{"start":{"line":135,"column":8},"end":{"line":135,"column":8}},{"start":{"line":135,"column":8},"end":{"line":135,"column":8}}]},"2":{"line":163,"type":"if","locations":[{"start":{"line":163,"column":8},"end":{"line":163,"column":8}},{"start":{"line":163,"column":8},"end":{"line":163,"column":8}}]}}},
"contracts/treasure-plannet/ModifiedOwnership.sol":{"l":{"40":1,"41":1,"42":1,"43":1,"50":3,"54":1,"61":3,"62":2,"66":1,"70":1,"81":0,"86":0,"101":1,"105":1,"106":1,"108":1},"path":"/Users/veronicac/Desktop/projects/freelance/TreasureBuidl/packages/onchain/contracts/treasure-plannet/ModifiedOwnership.sol","s":{"1":1,"2":1,"3":1,"4":1,"5":3,"6":1,"7":3,"8":1,"9":0,"10":0,"11":1,"12":1,"13":1,"14":1},"b":{"1":[2,1],"2":[1,0],"3":[1,0]},"f":{"1":1,"2":3,"3":1,"4":3,"5":1,"6":0,"7":1},"fnMap":{"1":{"name":"constructor","line":36,"loc":{"start":{"line":36,"column":4},"end":{"line":44,"column":4}}},"2":{"name":"owner","line":49,"loc":{"start":{"line":49,"column":4},"end":{"line":51,"column":4}}},"3":{"name":"isOwned","line":53,"loc":{"start":{"line":53,"column":4},"end":{"line":55,"column":4}}},"4":{"name":"onlyOwner","line":60,"loc":{"start":{"line":60,"column":4},"end":{"line":63,"column":4}}},"5":{"name":"onlyToken","line":65,"loc":{"start":{"line":65,"column":4},"end":{"line":71,"column":4}}},"6":{"name":"renounceOwnership","line":80,"loc":{"start":{"line":80,"column":4},"end":{"line":87,"column":4}}},"7":{"name":"transferOwnership","line":98,"loc":{"start":{"line":93,"column":4},"end":{"line":109,"column":4}}}},"statementMap":{"1":{"start":{"line":40,"column":8},"end":{"line":40,"column":36}},"2":{"start":{"line":41,"column":8},"end":{"line":41,"column":64}},"3":{"start":{"line":42,"column":8},"end":{"line":42,"column":73}},"4":{"start":{"line":43,"column":8},"end":{"line":43,"column":59}},"5":{"start":{"line":50,"column":8},"end":{"line":50,"column":57}},"6":{"start":{"line":54,"column":8},"end":{"line":54,"column":19}},"7":{"start":{"line":61,"column":8},"end":{"line":61,"column":75}},"8":{"start":{"line":66,"column":8},"end":{"line":66,"column":2235}},"9":{"start":{"line":81,"column":8},"end":{"line":81,"column":2802}},"10":{"start":{"line":86,"column":8},"end":{"line":86,"column":19}},"11":{"start":{"line":101,"column":8},"end":{"line":101,"column":3247}},"12":{"start":{"line":105,"column":8},"end":{"line":105,"column":73}},"13":{"start":{"line":106,"column":8},"end":{"line":106,"column":58}},"14":{"start":{"line":108,"column":8},"end":{"line":108,"column":19}}},"branchMap":{"1":{"line":61,"type":"if","locations":[{"start":{"line":61,"column":8},"end":{"line":61,"column":8}},{"start":{"line":61,"column":8},"end":{"line":61,"column":8}}]},"2":{"line":66,"type":"if","locations":[{"start":{"line":66,"column":8},"end":{"line":66,"column":8}},{"start":{"line":66,"column":8},"end":{"line":66,"column":8}}]},"3":{"line":101,"type":"if","locations":[{"start":{"line":101,"column":8},"end":{"line":101,"column":8}},{"start":{"line":101,"column":8},"end":{"line":101,"column":8}}]}}},
"contracts/treasure-plannet/PlannetFactory.sol":{"l":{"32":3,"33":3,"45":2,"47":1,"53":1,"58":1},"path":"/Users/veronicac/Desktop/projects/freelance/TreasureBuidl/packages/onchain/contracts/treasure-plannet/PlannetFactory.sol","s":{"1":3,"2":3,"3":2,"4":1,"5":1,"6":1},"b":{},"f":{"1":3,"2":2},"fnMap":{"1":{"name":"constructor","line":28,"loc":{"start":{"line":28,"column":4},"end":{"line":34,"column":4}}},"2":{"name":"createTreasurePlanet","line":44,"loc":{"start":{"line":44,"column":4},"end":{"line":63,"column":4}}}},"statementMap":{"1":{"start":{"line":32,"column":8},"end":{"line":32,"column":56}},"2":{"start":{"line":33,"column":8},"end":{"line":33,"column":36}},"3":{"start":{"line":45,"column":8},"end":{"line":45,"column":72}},"4":{"start":{"line":47,"column":8},"end":{"line":47,"column":1443}},"5":{"start":{"line":53,"column":8},"end":{"line":53,"column":1599}},"6":{"start":{"line":58,"column":8},"end":{"line":58,"column":1713}}},"branchMap":{}},
"contracts/treasure-plannet/TokenOwnership.sol":{"l":{"28":3,"32":3,"49":2,"50":2,"54":3,"68":1,"72":1,"88":2,"89":2,"93":2,"98":1,"117":1,"118":1,"122":1,"126":1,"147":2,"150":2,"152":0,"153":0,"157":1,"164":1,"165":1,"166":1},"path":"/Users/veronicac/Desktop/projects/freelance/TreasureBuidl/packages/onchain/contracts/treasure-plannet/TokenOwnership.sol","s":{"1":3,"2":2,"3":2,"4":3,"5":1,"6":1,"7":2,"8":2,"9":2,"10":1,"11":1,"12":1,"13":1,"14":1,"15":2,"16":2,"17":0,"18":0,"19":2,"20":1,"21":1,"22":1,"23":1,"24":1},"b":{"1":[3,0],"2":[1,0],"3":[1,1],"4":[1,0],"5":[1,0],"6":[0,2],"7":[1,1],"8":[1,0]},"f":{"1":3,"2":3,"3":2,"4":3,"5":1,"6":2,"7":1,"8":2},"fnMap":{"1":{"name":"onlyFactory","line":27,"loc":{"start":{"line":27,"column":4},"end":{"line":33,"column":4}}},"2":{"name":"constructor","line":39,"loc":{"start":{"line":35,"column":4},"end":{"line":42,"column":4}}},"3":{"name":"getOwnedContract","line":48,"loc":{"start":{"line":48,"column":4},"end":{"line":51,"column":4}}},"4":{"name":"getOwnerToken","line":53,"loc":{"start":{"line":53,"column":4},"end":{"line":55,"column":4}}},"5":{"name":"setFactory","line":67,"loc":{"start":{"line":67,"column":4},"end":{"line":73,"column":4}}},"6":{"name":"mintOwnershipToken","line":85,"loc":{"start":{"line":81,"column":4},"end":{"line":103,"column":4}}},"7":{"name":"linkOwnershipToken","line":115,"loc":{"start":{"line":110,"column":4},"end":{"line":127,"column":4}}},"8":{"name":"_beforeTokenTransfer","line":139,"loc":{"start":{"line":139,"column":4},"end":{"line":168,"column":4}}}},"statementMap":{"1":{"start":{"line":28,"column":8},"end":{"line":28,"column":960}},"2":{"start":{"line":49,"column":8},"end":{"line":49,"column":49}},"3":{"start":{"line":50,"column":8},"end":{"line":50,"column":39}},"4":{"start":{"line":54,"column":8},"end":{"line":54,"column":38}},"5":{"start":{"line":68,"column":8},"end":{"line":68,"column":2116}},"6":{"start":{"line":72,"column":8},"end":{"line":72,"column":26}},"7":{"start":{"line":88,"column":8},"end":{"line":88,"column":27}},"8":{"start":{"line":89,"column":8},"end":{"line":89,"column":32}},"9":{"start":{"line":93,"column":8},"end":{"line":93,"column":2851}},"10":{"start":{"line":98,"column":8},"end":{"line":98,"column":2949}},"11":{"start":{"line":117,"column":8},"end":{"line":117,"column":67}},"12":{"start":{"line":118,"column":8},"end":{"line":118,"column":3457}},"13":{"start":{"line":122,"column":8},"end":{"line":122,"column":3586}},"14":{"start":{"line":126,"column":8},"end":{"line":126,"column":49}},"15":{"start":{"line":147,"column":8},"end":{"line":147,"column":4442}},"16":{"start":{"line":150,"column":8},"end":{"line":150,"column":4551}},"17":{"start":{"line":152,"column":12},"end":{"line":152,"column":44}},"18":{"start":{"line":153,"column":12},"end":{"line":153,"column":49}},"19":{"start":{"line":155,"column":15},"end":{"line":155,"column":4729}},"20":{"start":{"line":157,"column":12},"end":{"line":157,"column":42}},"21":{"start":{"line":159,"column":15},"end":{"line":159,"column":4856}},"22":{"start":{"line":164,"column":12},"end":{"line":164,"column":47}},"23":{"start":{"line":165,"column":12},"end":{"line":165,"column":37}},"24":{"start":{"line":166,"column":12},"end":{"line":166,"column":42}}},"branchMap":{"1":{"line":28,"type":"if","locations":[{"start":{"line":28,"column":8},"end":{"line":28,"column":8}},{"start":{"line":28,"column":8},"end":{"line":28,"column":8}}]},"2":{"line":68,"type":"if","locations":[{"start":{"line":68,"column":8},"end":{"line":68,"column":8}},{"start":{"line":68,"column":8},"end":{"line":68,"column":8}}]},"3":{"line":93,"type":"if","locations":[{"start":{"line":93,"column":8},"end":{"line":93,"column":8}},{"start":{"line":93,"column":8},"end":{"line":93,"column":8}}]},"4":{"line":118,"type":"if","locations":[{"start":{"line":118,"column":8},"end":{"line":118,"column":8}},{"start":{"line":118,"column":8},"end":{"line":118,"column":8}}]},"5":{"line":122,"type":"if","locations":[{"start":{"line":122,"column":8},"end":{"line":122,"column":8}},{"start":{"line":122,"column":8},"end":{"line":122,"column":8}}]},"6":{"line":150,"type":"if","locations":[{"start":{"line":150,"column":8},"end":{"line":150,"column":8}},{"start":{"line":150,"column":8},"end":{"line":150,"column":8}}]},"7":{"line":155,"type":"if","locations":[{"start":{"line":155,"column":15},"end":{"line":155,"column":15}},{"start":{"line":155,"column":15},"end":{"line":155,"column":15}}]},"8":{"line":159,"type":"if","locations":[{"start":{"line":159,"column":15},"end":{"line":159,"column":15}},{"start":{"line":159,"column":15},"end":{"line":159,"column":15}}]}}},
"contracts/treasure-plannet/TreasurePlanet.sol":{"l":{"57":1,"71":2,"77":2,"83":1,"84":3,"89":3,"101":0,"102":0,"104":0,"106":0,"108":0,"122":0,"136":0,"150":0},"path":"/Users/veronicac/Desktop/projects/freelance/TreasureBuidl/packages/onchain/contracts/treasure-plannet/TreasurePlanet.sol","s":{"1":1,"2":2,"3":2,"4":1,"5":3,"6":3,"7":0,"8":0,"9":0,"10":0,"11":0,"12":0,"13":0,"14":0,"15":0,"16":0},"b":{"1":[1,1],"2":[3,0],"3":[0,0],"4":[0,0],"5":[0,0]},"f":{"1":1,"2":2,"3":0,"4":0,"5":0,"6":0},"fnMap":{"1":{"name":"constructor","line":55,"loc":{"start":{"line":47,"column":4},"end":{"line":58,"column":4}}},"2":{"name":"execute","line":69,"loc":{"start":{"line":65,"column":4},"end":{"line":91,"column":4}}},"3":{"name":"supportsInterface","line":93,"loc":{"start":{"line":93,"column":4},"end":{"line":110,"column":4}}},"4":{"name":"onERC721Received","line":112,"loc":{"start":{"line":112,"column":4},"end":{"line":123,"column":4}}},"5":{"name":"onERC1155Received","line":125,"loc":{"start":{"line":125,"column":4},"end":{"line":137,"column":4}}},"6":{"name":"onERC1155BatchReceived","line":139,"loc":{"start":{"line":139,"column":4},"end":{"line":151,"column":4}}}},"statementMap":{"1":{"start":{"line":57,"column":8},"end":{"line":57,"column":42}},"2":{"start":{"line":71,"column":8},"end":{"line":71,"column":2332}},"3":{"start":{"line":77,"column":8},"end":{"line":77,"column":2480}},"4":{"start":{"line":83,"column":8},"end":{"line":83,"column":2617}},"5":{"start":{"line":84,"column":12},"end":{"line":84,"column":2686}},"6":{"start":{"line":89,"column":12},"end":{"line":89,"column":54}},"7":{"start":{"line":101,"column":8},"end":{"line":101,"column":3079}},"8":{"start":{"line":102,"column":12},"end":{"line":102,"column":23}},"9":{"start":{"line":103,"column":15},"end":{"line":103,"column":3162}},"10":{"start":{"line":104,"column":12},"end":{"line":104,"column":23}},"11":{"start":{"line":105,"column":15},"end":{"line":105,"column":3246}},"12":{"start":{"line":106,"column":12},"end":{"line":106,"column":23}},"13":{"start":{"line":108,"column":12},"end":{"line":108,"column":24}},"14":{"start":{"line":122,"column":8},"end":{"line":122,"column":35}},"15":{"start":{"line":136,"column":8},"end":{"line":136,"column":36}},"16":{"start":{"line":150,"column":8},"end":{"line":150,"column":42}}},"branchMap":{"1":{"line":77,"type":"if","locations":[{"start":{"line":77,"column":8},"end":{"line":77,"column":8}},{"start":{"line":77,"column":8},"end":{"line":77,"column":8}}]},"2":{"line":89,"type":"if","locations":[{"start":{"line":89,"column":12},"end":{"line":89,"column":12}},{"start":{"line":89,"column":12},"end":{"line":89,"column":12}}]},"3":{"line":101,"type":"if","locations":[{"start":{"line":101,"column":8},"end":{"line":101,"column":8}},{"start":{"line":101,"column":8},"end":{"line":101,"column":8}}]},"4":{"line":103,"type":"if","locations":[{"start":{"line":103,"column":15},"end":{"line":103,"column":15}},{"start":{"line":103,"column":15},"end":{"line":103,"column":15}}]},"5":{"line":105,"type":"if","locations":[{"start":{"line":105,"column":15},"end":{"line":105,"column":15}},{"start":{"line":105,"column":15},"end":{"line":105,"column":15}}]}}}}
