TN:
SF:/Users/veronicac/Desktop/projects/freelance/TreasureBuidl/packages/onchain/contracts/shared/ModifiedErc721.sol
FN:55,constructor
FN:103,balanceOfType
FN:115,getTokenType
FN:128,_safeMint
FN:144,_safeMint
FN:162,_mint
FN:184,_burn
FN:213,supportsInterface
FN:229,balanceOf
FN:247,ownerOf
FN:265,name
FN:272,symbol
FN:279,tokenURI
FN:302,_baseURI
FN:309,approve
FN:324,getApproved
FN:342,setApprovalForAll
FN:356,isApprovedForAll
FN:369,transferFrom
FN:386,safeTransferFrom
FN:397,safeTransferFrom
FN:428,_safeTransfer
FN:449,_exists
FN:460,_isApprovedOrOwner
FN:487,_transfer
FN:519,_approve
FN:534,_checkOnERC721Received
FN:582,_beforeTokenTransfer
FNF:28
FNH:11
FNDA:6,constructor
FNDA:0,balanceOfType
FNDA:0,getTokenType
FNDA:0,_safeMint
FNDA:0,_safeMint
FNDA:2,_mint
FNDA:0,_burn
FNDA:0,supportsInterface
FNDA:0,balanceOf
FNDA:9,ownerOf
FNDA:0,name
FNDA:0,symbol
FNDA:0,tokenURI
FNDA:0,_baseURI
FNDA:0,approve
FNDA:1,getApproved
FNDA:0,setApprovalForAll
FNDA:1,isApprovedForAll
FNDA:2,transferFrom
FNDA:0,safeTransferFrom
FNDA:0,safeTransferFrom
FNDA:0,_safeTransfer
FNDA:5,_exists
FNDA:2,_isApprovedOrOwner
FNDA:1,_transfer
FNDA:1,_approve
FNDA:0,_checkOnERC721Received
FNDA:1,_beforeTokenTransfer
DA:56,6
DA:57,6
DA:108,0
DA:116,0
DA:133,0
DA:150,0
DA:151,0
DA:167,2
DA:168,2
DA:169,2
DA:171,2
DA:173,2
DA:174,2
DA:175,2
DA:176,2
DA:178,2
DA:185,0
DA:187,0
DA:190,0
DA:192,0
DA:194,0
DA:195,0
DA:196,0
DA:197,0
DA:199,0
DA:220,0
DA:236,0
DA:241,0
DA:254,9
DA:255,9
DA:259,9
DA:266,0
DA:273,0
DA:286,0
DA:291,0
DA:292,0
DA:303,0
DA:310,0
DA:311,0
DA:313,0
DA:318,0
DA:331,1
DA:336,1
DA:347,0
DA:349,0
DA:350,0
DA:363,1
DA:375,2
DA:380,1
DA:391,0
DA:403,0
DA:407,0
DA:434,0
DA:435,0
DA:450,5
DA:466,2
DA:470,2
DA:471,2
DA:492,1
DA:496,1
DA:498,1
DA:501,1
DA:503,1
DA:505,1
DA:506,1
DA:507,1
DA:508,1
DA:509,1
DA:511,1
DA:520,1
DA:521,1
DA:540,0
DA:541,0
DA:549,0
DA:551,0
DA:552,0
DA:557,0
DA:563,0
LF:78
LH:36
BRDA:151,1,0,0
BRDA:151,1,1,0
BRDA:167,2,0,2
BRDA:167,2,1,0
BRDA:168,3,0,2
BRDA:168,3,1,0
BRDA:169,4,0,2
BRDA:169,4,1,0
BRDA:236,5,0,0
BRDA:236,5,1,0
BRDA:255,6,0,9
BRDA:255,6,1,0
BRDA:286,7,0,0
BRDA:286,7,1,0
BRDA:311,8,0,0
BRDA:311,8,1,0
BRDA:313,9,0,0
BRDA:313,9,1,0
BRDA:331,10,0,1
BRDA:331,10,1,0
BRDA:347,11,0,0
BRDA:347,11,1,0
BRDA:375,12,0,1
BRDA:375,12,1,1
BRDA:403,13,0,0
BRDA:403,13,1,0
BRDA:435,14,0,0
BRDA:435,14,1,0
BRDA:466,15,0,2
BRDA:466,15,1,0
BRDA:492,16,0,1
BRDA:492,16,1,0
BRDA:496,17,0,1
BRDA:496,17,1,0
BRDA:540,18,0,0
BRDA:540,18,1,0
BRDA:551,19,0,0
BRDA:551,19,1,0
BRF:38
BRH:10
end_of_record
TN:
SF:/Users/veronicac/Desktop/projects/freelance/TreasureBuidl/packages/onchain/contracts/test-helpers/Erc20_Token.sol
FN:12,constructor
FN:16,mint
FNF:2
FNH:2
FNDA:6,constructor
FNDA:1,mint
DA:17,1
DA:19,1
LF:2
LH:2
BRF:0
BRH:0
end_of_record
TN:
SF:/Users/veronicac/Desktop/projects/freelance/TreasureBuidl/packages/onchain/contracts/treasure-maps/TreasureMaps.sol
FN:65,constructor
FN:69,getTreasureMap
FN:87,createTreasure
FN:112,createTreasureOutline
FN:127,_addOutline
FN:153,_addTreasureMap
FNF:6
FNH:4
FNDA:3,constructor
FNDA:3,getTreasureMap
FNDA:2,createTreasure
FNDA:0,createTreasureOutline
FNDA:0,_addOutline
FNDA:2,_addTreasureMap
DA:74,3
DA:75,3
DA:76,3
DA:97,2
DA:105,1
DA:120,0
DA:135,0
DA:140,0
DA:141,0
DA:143,0
DA:150,0
DA:163,2
DA:170,1
DA:171,1
DA:174,1
DA:176,1
DA:178,1
DA:180,3
DA:184,3
DA:187,1
DA:194,1
LF:21
LH:15
BRDA:135,1,0,0
BRDA:135,1,1,0
BRDA:163,2,0,1
BRDA:163,2,1,1
BRF:4
BRH:2
end_of_record
TN:
SF:/Users/veronicac/Desktop/projects/freelance/TreasureBuidl/packages/onchain/contracts/treasure-plannet/ModifiedOwnership.sol
FN:36,constructor
FN:49,owner
FN:53,isOwned
FN:60,onlyOwner
FN:65,onlyToken
FN:80,renounceOwnership
FN:98,transferOwnership
FNF:7
FNH:6
FNDA:1,constructor
FNDA:3,owner
FNDA:1,isOwned
FNDA:3,onlyOwner
FNDA:1,onlyToken
FNDA:0,renounceOwnership
FNDA:1,transferOwnership
DA:40,1
DA:41,1
DA:42,1
DA:43,1
DA:50,3
DA:54,1
DA:61,3
DA:62,2
DA:66,1
DA:70,1
DA:81,0
DA:86,0
DA:101,1
DA:105,1
DA:106,1
DA:108,1
LF:16
LH:14
BRDA:61,1,0,2
BRDA:61,1,1,1
BRDA:66,2,0,1
BRDA:66,2,1,0
BRDA:101,3,0,1
BRDA:101,3,1,0
BRF:6
BRH:4
end_of_record
TN:
SF:/Users/veronicac/Desktop/projects/freelance/TreasureBuidl/packages/onchain/contracts/treasure-plannet/PlannetFactory.sol
FN:28,constructor
FN:44,createTreasurePlanet
FNF:2
FNH:2
FNDA:3,constructor
FNDA:2,createTreasurePlanet
DA:32,3
DA:33,3
DA:45,2
DA:47,1
DA:53,1
DA:58,1
LF:6
LH:6
BRF:0
BRH:0
end_of_record
TN:
SF:/Users/veronicac/Desktop/projects/freelance/TreasureBuidl/packages/onchain/contracts/treasure-plannet/TokenOwnership.sol
FN:27,onlyFactory
FN:39,constructor
FN:48,getOwnedContract
FN:53,getOwnerToken
FN:67,setFactory
FN:85,mintOwnershipToken
FN:115,linkOwnershipToken
FN:139,_beforeTokenTransfer
FNF:8
FNH:8
FNDA:3,onlyFactory
FNDA:3,constructor
FNDA:2,getOwnedContract
FNDA:3,getOwnerToken
FNDA:1,setFactory
FNDA:2,mintOwnershipToken
FNDA:1,linkOwnershipToken
FNDA:2,_beforeTokenTransfer
DA:28,3
DA:32,3
DA:49,2
DA:50,2
DA:54,3
DA:68,1
DA:72,1
DA:88,2
DA:89,2
DA:93,2
DA:98,1
DA:117,1
DA:118,1
DA:122,1
DA:126,1
DA:147,2
DA:150,2
DA:152,0
DA:153,0
DA:157,1
DA:164,1
DA:165,1
DA:166,1
LF:23
LH:21
BRDA:28,1,0,3
BRDA:28,1,1,0
BRDA:68,2,0,1
BRDA:68,2,1,0
BRDA:93,3,0,1
BRDA:93,3,1,1
BRDA:118,4,0,1
BRDA:118,4,1,0
BRDA:122,5,0,1
BRDA:122,5,1,0
BRDA:150,6,0,0
BRDA:150,6,1,2
BRDA:155,7,0,1
BRDA:155,7,1,1
BRDA:159,8,0,1
BRDA:159,8,1,0
BRF:16
BRH:10
end_of_record
TN:
SF:/Users/veronicac/Desktop/projects/freelance/TreasureBuidl/packages/onchain/contracts/treasure-plannet/TreasurePlanet.sol
FN:55,constructor
FN:69,execute
FN:93,supportsInterface
FN:112,onERC721Received
FN:125,onERC1155Received
FN:139,onERC1155BatchReceived
FNF:6
FNH:2
FNDA:1,constructor
FNDA:2,execute
FNDA:0,supportsInterface
FNDA:0,onERC721Received
FNDA:0,onERC1155Received
FNDA:0,onERC1155BatchReceived
DA:57,1
DA:71,2
DA:77,2
DA:83,1
DA:84,3
DA:89,3
DA:101,0
DA:102,0
DA:104,0
DA:106,0
DA:108,0
DA:122,0
DA:136,0
DA:150,0
LF:14
LH:6
BRDA:77,1,0,1
BRDA:77,1,1,1
BRDA:89,2,0,3
BRDA:89,2,1,0
BRDA:101,3,0,0
BRDA:101,3,1,0
BRDA:103,4,0,0
BRDA:103,4,1,0
BRDA:105,5,0,0
BRDA:105,5,1,0
BRF:10
BRH:3
end_of_record
