{"contracts/Token.sol":{"l":{"36":0,"37":0,"50":0,"53":0,"54":0,"63":0,"77":0},"path":"/Users/veronicac/Desktop/projects/freelance/TreasureBuidl/onchain/contracts/Token.sol","s":{"1":0,"2":0,"3":0,"4":0,"5":0,"6":0,"7":0},"b":{"1":[0,0]},"f":{"1":0,"2":0,"3":0},"fnMap":{"1":{"name":"constructor","line":33,"loc":{"start":{"line":33,"column":4},"end":{"line":38,"column":4}}},"2":{"name":"transfer","line":46,"loc":{"start":{"line":46,"column":4},"end":{"line":68,"column":4}}},"3":{"name":"balanceOf","line":76,"loc":{"start":{"line":76,"column":4},"end":{"line":78,"column":4}}}},"statementMap":{"1":{"start":{"line":36,"column":8},"end":{"line":36,"column":41}},"2":{"start":{"line":37,"column":8},"end":{"line":37,"column":25}},"3":{"start":{"line":50,"column":8},"end":{"line":50,"column":67}},"4":{"start":{"line":53,"column":8},"end":{"line":53,"column":37}},"5":{"start":{"line":54,"column":8},"end":{"line":54,"column":29}},"6":{"start":{"line":63,"column":8},"end":{"line":63,"column":2220}},"7":{"start":{"line":77,"column":8},"end":{"line":77,"column":32}}},"branchMap":{"1":{"line":50,"type":"if","locations":[{"start":{"line":50,"column":8},"end":{"line":50,"column":8}},{"start":{"line":50,"column":8},"end":{"line":50,"column":8}}]}}}}